<?xml version="1.0" encoding="UTF-8"?>
<!-- Generated by org.testng.reporters.JUnitReportReporter -->
<testsuite hostname="MANISH-PC" failures="0" tests="2" name="com.testPack.TestNGClassForActTimeHome" time="2.988" errors="0" timestamp="2022-02-03T21:46:55 IST" skipped="0">
  <testcase classname="com.testPack.TestNGClassForActTimeHome" name="loginTextVerification" time="1.851"/>
  <system-out/>
  <testcase classname="com.testPack.TestNGClassForActTimeHome" name="loginCredVerification" time="1.137"/>
  <system-out/>
</testsuite> <!-- com.testPack.TestNGClassForActTimeHome -->
