<?xml version="1.0" encoding="UTF-8"?>
<!-- Generated by org.testng.reporters.JUnitReportReporter -->
<testsuite hostname="MANISH-PC" failures="0" tests="2" name="com.testPack.TestNGClassForActTime" time="1.177" errors="0" timestamp="2022-01-26T15:36:36 IST" skipped="0">
  <testcase classname="com.testPack.TestNGClassForActTime" name="loginTextVerification" time="0.423"/>
  <system-out/>
  <testcase classname="com.testPack.TestNGClassForActTime" name="loginCredVerification" time="0.754"/>
  <system-out/>
</testsuite> <!-- com.testPack.TestNGClassForActTime -->
