<?xml version="1.0" encoding="UTF-8"?>
<!-- Generated by org.testng.reporters.JUnitReportReporter -->
<testsuite hostname="MANISH-PC" failures="0" tests="1" name="com.testPack.TestNGClassForActTimeHeader" time="14.695" errors="0" timestamp="2022-02-03T21:46:55 IST" skipped="0">
  <testcase classname="com.testPack.TestNGClassForActTimeHeader" name="verifyThatTimeTrackText" time="14.695"/>
  <system-out/>
</testsuite> <!-- com.testPack.TestNGClassForActTimeHeader -->
